<?xml version='1.0' encoding='utf-8' standalone='yes' ?><testsuite><testcase><name>SearchFreight</name><status>Error</status><message>com.android.uiautomator.core.UiObjectNotFoundException: UiSelector[RESOURCE_ID=com.wlqq:id/find_freight_btn]</message><time>12.017</time></testcase></testsuite>